Change Component Designator: Old Designator=C2 New Designator=C3
Change Component Designator: Old Designator=C3 New Designator=C4
Change Component Designator: Old Designator=C4 New Designator=C2
Change Component Designator: Old Designator=C8 New Designator=C10
Change Component Designator: Old Designator=C? New Designator=C8
Change Component Designator: Old Designator=C? New Designator=C9
Change Component Designator: Old Designator=C? New Designator=C11
Change Component Designator: Old Designator=C? New Designator=C12
Change Component Designator: Old Designator=C? New Designator=C13
Change Component Designator: Old Designator=IC? New Designator=IC3
Change Component Designator: Old Designator=LED? New Designator=LED1
Change Component Designator: Old Designator=LED? New Designator=LED2
Change Component Designator: Old Designator=R1 New Designator=R3
Change Component Designator: Old Designator=R2 New Designator=R4
Change Component Designator: Old Designator=R3 New Designator=R1
Change Component Designator: Old Designator=R4 New Designator=R2
Change Component Designator: Old Designator=R8 New Designator=R12
Change Component Designator: Old Designator=R9 New Designator=R14
Change Component Designator: Old Designator=R10 New Designator=R16
Change Component Designator: Old Designator=R? New Designator=R8
Change Component Designator: Old Designator=R? New Designator=R9
Change Component Designator: Old Designator=R? New Designator=R10
Change Component Designator: Old Designator=R? New Designator=R11
Change Component Designator: Old Designator=R? New Designator=R13
Change Component Designator: Old Designator=R? New Designator=R15
Change Component Designator: Old Designator=U1 New Designator=U2
Change Component Designator: Old Designator=U2 New Designator=U3
Change Component Designator: Old Designator=U? New Designator=U1
