Removed Pin From Net: NetName=VCC2 Pin=R23-2
Added Component: Designator=DIO?(DIO-214AC(SMA))
Add component (AddParameter): Name = "Code - JEDEC"; Value = "DO-214-AB"; VariantName = "[No Variations]"
Add component (AddParameter): Name = "Published"; Value = "8-Jun-2000"; VariantName = "[No Variations]"
Add component (AddParameter): Name = "Publisher"; Value = "Altium Limited"; VariantName = "[No Variations]"
Add component (AddParameter): Name = "Revision"; Value = "July-2002: Re-released for DXP Platform."; VariantName = "[No Variations]"
Add component (AddParameter): Name = "Value"; Value = "1N5007"; VariantName = "[No Variations]"
Added Component: Designator=R?(RES-SMD-0603)
Add component (AddParameter): Name = "Class"; Value = "Passive"; VariantName = "[No Variations]"
Add component (AddParameter): Name = "Manufacturer"; Value = "Generic Components"; VariantName = "[No Variations]"
Add component (AddParameter): Name = "Published"; Value = "08/06/2000"; VariantName = "[No Variations]"
Add component (AddParameter): Name = "Publisher"; Value = "Altium Hobart Technology Centre"; VariantName = "[No Variations]"
Added Pin To Net: NetName=NetDIO1_2 Pin=DIO?-2
Added Pin To Net: NetName=CTRL_MAIN_PWR Pin=R16-2
Added Pin To Net: NetName=VCC1 Pin=R23-2
Added Pin To Net: NetName=VCHRG Pin=R?-2
Change Net Name : Old Net Name=NetDIO1_2 New Net Name=PWR_KEY
Added Pin To Net: NetName=NetDIO?_1 Pin=DIO?-1
Added Pin To Net: NetName=NetDIO?_1 Pin=R?-1
Added Net: Name=NetDIO?_1
Added Member To Class: ClassName=MSW_V2 Member=Component C13 220uF/10V
Added Member To Class: ClassName=MSW_V2 Member=Component C15 10uF
Added Member To Class: ClassName=MSW_V2 Member=Component C16 10uF
Added Member To Class: ClassName=MSW_V2 Member=Component C17 220uF/10V
Added Member To Class: ClassName=MSW_V2 Member=Component DIO? SS34
Added Member To Class: ClassName=MSW_V2 Member=Component R? 10k
Added Member To Class: ClassName=MSW_V2 Member=Component TP7 TP
Added Member To Class: ClassName=MSW_V2 Member=Component TP8 TP
Added Member To Class: ClassName=MSW_V2 Member=Component TP10 TP
Added Member To Class: ClassName=MSW_V2 Member=Component TP12 TP
Added Member To Class: ClassName=MSW_V2 Member=Component TP13 TP
Added Member To Class: ClassName=MSW_V2 Member=Component TP14 TP
Added Member To Class: ClassName=MSW_V2 Member=Component TP15 TP
